<?xml version="1.0" encoding="UTF-8"?>
<!-- Generated by org.testng.reporters.JUnitXMLReporter -->
<testsuite hostname="LAPTOP-6LH24BVO" name="Command line test 14ed0210-dc18-43e2-9939-6738569c39ef" tests="1" failures="0" timestamp="29 Apr 2021 03:30:10 GMT" time="0.984" errors="0">
  <testcase name="@BeforeMethod BrowserLaunch" time="0.0" classname="YTpkg.TC1">
    <failure type="java.lang.IllegalAccessError" message="tried to access method com.google.common.util.concurrent.SimpleTimeLimiter.&amp;lt;init&amp;gt;(Ljava/util/concurrent/ExecutorService;)V from class org.openqa.selenium.net.UrlChecker">
      <![CDATA[java.lang.IllegalAccessError: tried to access method com.google.common.util.concurrent.SimpleTimeLimiter.<init>(Ljava/util/concurrent/ExecutorService;)V from class org.openqa.selenium.net.UrlChecker
	at org.openqa.selenium.net.UrlChecker.<init>(UrlChecker.java:66)
	at org.openqa.selenium.remote.service.DriverService.waitUntilAvailable(DriverService.java:175)
	at org.openqa.selenium.remote.service.DriverService.start(DriverService.java:166)
	at org.openqa.selenium.remote.service.DriverCommandExecutor.execute(DriverCommandExecutor.java:78)
	at org.openqa.selenium.remote.RemoteWebDriver.execute(RemoteWebDriver.java:620)
	at org.openqa.selenium.remote.RemoteWebDriver.startSession(RemoteWebDriver.java:247)
	at org.openqa.selenium.remote.RemoteWebDriver.<init>(RemoteWebDriver.java:129)
	at org.openqa.selenium.remote.RemoteWebDriver.<init>(RemoteWebDriver.java:142)
	at org.openqa.selenium.chrome.ChromeDriver.<init>(ChromeDriver.java:170)
	at org.openqa.selenium.chrome.ChromeDriver.<init>(ChromeDriver.java:159)
	at org.openqa.selenium.chrome.ChromeDriver.<init>(ChromeDriver.java:116)
	at YTpkg.TC1.BrowserLaunch(TC1.java:18)
	at YTpkgUtilities.Runner.main(Runner.java:67)
... Removed 23 stack frames]]>
    </failure>
  </testcase> <!-- @BeforeMethod BrowserLaunch -->
  <testcase name="@AfterMethod closeBrowser" time="0.0" classname="YTpkg.TC1">
    <skipped/>
  </testcase> <!-- @AfterMethod closeBrowser -->
  <testcase name="YTClick" time="0.0" classname="YTpkg.TC1">
    <skipped/>
  </testcase> <!-- YTClick -->
</testsuite> <!-- Command line test 14ed0210-dc18-43e2-9939-6738569c39ef -->
